0 verbose cli [
0 verbose cli   'C:\\Program Files\\nodejs\\node.exe',
0 verbose cli   'C:\\Users\\User\\AppData\\Roaming\\npm\\node_modules\\npm\\bin\\npm-cli.js',
0 verbose cli   'rm',
0 verbose cli   '-r',
0 verbose cli   '--cache',
0 verbose cli   '.'
0 verbose cli ]
1 info using npm@7.20.0
2 info using node@v12.18.3
3 timing npm:load:whichnode Completed in 2ms
4 timing config:load:defaults Completed in 8ms
5 timing config:load:file:C:\Users\User\AppData\Roaming\npm\node_modules\npm\npmrc Completed in 28ms
6 timing config:load:builtin Completed in 28ms
7 timing config:load:cli Completed in 26ms
8 timing config:load:env Completed in 2ms
9 timing config:load:file:C:\Users\User\Documents\Personal Dev\wish-tiktok\.npmrc Completed in 1ms
10 timing config:load:project Completed in 5ms
11 timing config:load:file:C:\Users\User\.npmrc Completed in 1ms
12 timing config:load:user Completed in 1ms
13 timing config:load:file:C:\Users\User\AppData\Roaming\npm\etc\npmrc Completed in 1ms
14 timing config:load:global Completed in 2ms
15 timing config:load:validate Completed in 0ms
16 timing config:load:credentials Completed in 6ms
17 timing config:load:setEnvs Completed in 6ms
18 timing config:load Completed in 85ms
19 timing npm:load:configload Completed in 87ms
20 timing npm:load:setTitle Completed in 1ms
21 timing npm:load:setupLog Completed in 13ms
22 timing npm:load:cleanupLog Completed in 16ms
23 timing npm:load:configScope Completed in 0ms
24 timing npm:load:projectScope Completed in 5ms
25 timing npm:load Completed in 126ms
26 timing config:load:flatten Completed in 17ms
27 timing command:uninstall Completed in 6ms
28 verbose stack Error: Must provide a package name to remove
28 verbose stack     at Uninstall.uninstall (C:\Users\User\AppData\Roaming\npm\node_modules\npm\lib\uninstall.js:47:15)
28 verbose stack     at Uninstall.exec (C:\Users\User\AppData\Roaming\npm\node_modules\npm\lib\uninstall.js:35:10)
28 verbose stack     at Object.[_runCmd] (C:\Users\User\AppData\Roaming\npm\node_modules\npm\lib\npm.js:154:12)
28 verbose stack     at C:\Users\User\AppData\Roaming\npm\node_modules\npm\lib\npm.js:24:35
28 verbose stack     at module.exports (C:\Users\User\AppData\Roaming\npm\node_modules\npm\lib\cli.js:73:5)
29 verbose cwd C:\Users\User\Documents\Personal Dev\wish-tiktok
30 verbose Windows_NT 10.0.19042
31 verbose argv "C:\\Program Files\\nodejs\\node.exe" "C:\\Users\\User\\AppData\\Roaming\\npm\\node_modules\\npm\\bin\\npm-cli.js" "rm" "-r" "--cache" "."
32 verbose node v12.18.3
33 verbose npm  v7.20.0
34 error Must provide a package name to remove
35 verbose exit 1
